<?xml version="1.0" encoding="UTF-8"?>
<!-- Generated by org.testng.reporters.JUnitXMLReporter -->
<testsuite hostname="ojt2-PC" name="Test" tests="1" failures="1" timestamp="23 Dec 2019 04:36:29 GMT" time="59.354" errors="0">
  <testcase name="ERP_Test" time="59.334" classname="DriverFactory.DriverScript">
    <failure type="junit.framework.ComparisonFailure" message="Supplier-00000009521 expected:&amp;lt;[Supplier-00000009521]&amp;gt; but was:&amp;lt;[snumber is not matching]&amp;gt;">
      <![CDATA[junit.framework.ComparisonFailure: Supplier-00000009521 expected:<[Supplier-00000009521]> but was:<[snumber is not matching]>
	at junit.framework.Assert.assertEquals(Assert.java:85)
	at CommonFunLibrary.FunctionLibrary.tableValidation(FunctionLibrary.java:187)
	at DriverFactory.DriverScript.ERP_Test(DriverScript.java:92)
... Removed 23 stack frames]]>
    </failure>
  </testcase> <!-- ERP_Test -->
</testsuite> <!-- Test -->
