<?xml version="1.0" encoding="UTF-8"?>
<testng-results skipped="0" failed="1" total="1" passed="0">
  <reporter-output>
  </reporter-output>
  <suite name="Suite" duration-ms="59354" started-at="2019-12-23T04:35:30Z" finished-at="2019-12-23T04:36:29Z">
    <groups>
    </groups>
    <test name="Test" duration-ms="59354" started-at="2019-12-23T04:35:30Z" finished-at="2019-12-23T04:36:29Z">
      <class name="DriverFactory.DriverScript">
        <test-method status="FAIL" signature="ERP_Test()[pri:0, instance:DriverFactory.DriverScript@2fc14f68]" name="ERP_Test" duration-ms="59334" started-at="2019-12-23T10:05:30Z" finished-at="2019-12-23T10:06:29Z">
          <exception class="junit.framework.ComparisonFailure">
            <message>
              <![CDATA[Supplier-00000009521 expected:<[Supplier-00000009521]> but was:<[snumber is not matching]>]]>
            </message>
            <full-stacktrace>
              <![CDATA[junit.framework.ComparisonFailure: Supplier-00000009521 expected:<[Supplier-00000009521]> but was:<[snumber is not matching]>
	at junit.framework.Assert.assertEquals(Assert.java:85)
	at CommonFunLibrary.FunctionLibrary.tableValidation(FunctionLibrary.java:187)
	at DriverFactory.DriverScript.ERP_Test(DriverScript.java:92)
	at sun.reflect.NativeMethodAccessorImpl.invoke0(Native Method)
	at sun.reflect.NativeMethodAccessorImpl.invoke(NativeMethodAccessorImpl.java:62)
	at sun.reflect.DelegatingMethodAccessorImpl.invoke(DelegatingMethodAccessorImpl.java:43)
	at java.lang.reflect.Method.invoke(Method.java:498)
	at org.testng.internal.MethodInvocationHelper.invokeMethod(MethodInvocationHelper.java:85)
	at org.testng.internal.Invoker.invokeMethod(Invoker.java:639)
	at org.testng.internal.Invoker.invokeTestMethod(Invoker.java:816)
	at org.testng.internal.Invoker.invokeTestMethods(Invoker.java:1124)
	at org.testng.internal.TestMethodWorker.invokeTestMethods(TestMethodWorker.java:125)
	at org.testng.internal.TestMethodWorker.run(TestMethodWorker.java:108)
	at org.testng.TestRunner.privateRun(TestRunner.java:774)
	at org.testng.TestRunner.run(TestRunner.java:624)
	at org.testng.SuiteRunner.runTest(SuiteRunner.java:359)
	at org.testng.SuiteRunner.runSequentially(SuiteRunner.java:354)
	at org.testng.SuiteRunner.privateRun(SuiteRunner.java:312)
	at org.testng.SuiteRunner.run(SuiteRunner.java:261)
	at org.testng.SuiteRunnerWorker.runSuite(SuiteRunnerWorker.java:52)
	at org.testng.SuiteRunnerWorker.run(SuiteRunnerWorker.java:86)
	at org.testng.TestNG.runSuitesSequentially(TestNG.java:1215)
	at org.testng.TestNG.runSuitesLocally(TestNG.java:1140)
	at org.testng.TestNG.run(TestNG.java:1048)
	at org.testng.TestNG.privateMain(TestNG.java:1355)
	at org.testng.TestNG.main(TestNG.java:1324)
]]>
            </full-stacktrace>
          </exception> <!-- junit.framework.ComparisonFailure -->
          <reporter-output>
          </reporter-output>
        </test-method> <!-- ERP_Test -->
      </class> <!-- DriverFactory.DriverScript -->
    </test> <!-- Test -->
  </suite> <!-- Suite -->
</testng-results>
